make all --print-data-base --no-builtin-variables --no-builtin-rules --question
make: *** No rule to make target 'all'.  Stop.

# GNU Make 4.3
# Built for x86_64-pc-linux-gnu
# Copyright (C) 1988-2020 Free Software Foundation, Inc.
# License GPLv3+: GNU GPL version 3 or later <http://gnu.org/licenses/gpl.html>
# This is free software: you are free to change and redistribute it.
# There is NO WARRANTY, to the extent permitted by law.

# Make data base, printed on Tue Jul 26 17:30:33 2022

# Variables

# environment
GDK_BACKEND = x11
# environment
LC_ALL = C
# environment
NO_AT_BRIDGE = 1
# makefile (from 'Makefile', line 3)
CFILES = $(wildcard src/*.c)
# environment
VSCODE_CWD = /home/decator
# default
MAKE_COMMAND := make
# environment
GTK3_MODULES = xapp-gtk3-module
# automatic
@D = $(patsubst %/,%,$(dir $@))
# environment
VSCODE_HANDLES_UNCAUGHT_ERRORS = true
# default
.VARIABLES := 
# environment
PWD = /mnt/starship-vault/documents/Git/JustWipe
# automatic
%D = $(patsubst %/,%,$(dir $%))
# environment
MAIL = /var/spool/mail/decator
# environment
XDG_DATA_DIRS = /home/decator/.local/share/flatpak/exports/share:/var/lib/flatpak/exports/share:/usr/local/share:/usr/share
# environment
OLDPWD = /home/decator
# automatic
^D = $(patsubst %/,%,$(dir $^))
# automatic
%F = $(notdir $%)
# environment
VSCODE_CODE_CACHE_PATH = /home/decator/.config/Code/CachedData/3b889b090b5ad5793f524b5d1d39fda662b96a2a
# environment
XDG_SESSION_PATH = /org/freedesktop/DisplayManager/Session1
# environment
LANG = C
# environment
XAUTHORITY = /home/decator/.Xauthority
# default
.LOADED := 
# default
.INCLUDE_DIRS = /usr/include /usr/local/include /usr/include
# makefile
MAKEFLAGS = pqrR
# makefile
CURDIR := /mnt/starship-vault/documents/Git/JustWipe
# environment
APPLICATION_INSIGHTS_NO_DIAGNOSTIC_CHANNEL = 1
# automatic
*D = $(patsubst %/,%,$(dir $*))
# environment
MFLAGS = -pqrR
# default
.SHELLFLAGS := -c
# environment
XDG_CONFIG_DIRS = /etc:/etc/xdg:/usr/share
# automatic
+D = $(patsubst %/,%,$(dir $+))
# environment
XDG_SESSION_DESKTOP = LXQt
# makefile (from 'Makefile', line 1)
MAKEFILE_LIST := Makefile
# automatic
@F = $(notdir $@)
# environment
VSCODE_PID = 347730
# environment
XDG_SESSION_TYPE = x11
# environment
CUDA_PATH = /opt/cuda
# automatic
?D = $(patsubst %/,%,$(dir $?))
# environment
XDG_DATA_HOME = /home/decator/.local/share
# automatic
*F = $(notdir $*)
# environment
QT_QPA_PLATFORMTHEME = lxqt
# environment
CHROME_DESKTOP = code-url-handler.desktop
# environment
DBUS_SESSION_BUS_ADDRESS = unix:path=/run/user/1000/bus
# automatic
<D = $(patsubst %/,%,$(dir $<))
# environment
VSCODE_NLS_CONFIG = {"locale":"en-us","availableLanguages":{},"_languagePackSupport":true}
# default
MAKE_HOST := x86_64-pc-linux-gnu
# environment
LXQT_SESSION_CONFIG = session
# makefile
SHELL = /bin/sh
# default
MAKECMDGOALS := all
# environment
DOTNET_BUNDLE_EXTRACT_BASE_DIR = /home/decator/.cache/dotnet_bundle_extract
# environment
SHLVL = 1
# environment
MAKELEVEL := 0
# default
MAKE = $(MAKE_COMMAND)
# environment
PATH = /usr/local/sbin:/usr/local/bin:/usr/bin:/opt/cuda/bin:/opt/cuda/nsight_compute:/opt/cuda/nsight_systems/bin:/home/decator/.dotnet/tools:/usr/lib/jvm/default/bin:/usr/bin/site_perl:/usr/bin/vendor_perl:/usr/bin/core_perl
# default
MAKEFILES := 
# environment
MOTD_SHOWN = pam
# automatic
^F = $(notdir $^)
# environment
XDG_CONFIG_HOME = /home/decator/.config
# automatic
?F = $(notdir $?)
# environment
GTK_CSD = 0
# environment
XDG_SEAT = seat0
# environment
XDG_CURRENT_DESKTOP = LXQt
# automatic
+F = $(notdir $+)
# environment
XDG_SEAT_PATH = /org/freedesktop/DisplayManager/Seat0
# environment
DESKTOP_SESSION = lxqt
# environment
ORIGINAL_XDG_CURRENT_DESKTOP = LXQt
# 'override' directive
GNUMAKEFLAGS := 
# environment
LOGNAME = decator
# makefile (from 'Makefile', line 4)
EXE = build/jwipe
# environment
XDG_VTNR = 1
# makefile
.DEFAULT_GOAL := defualt
# environment
DISPLAY = :0
# environment
USER = decator
# environment
GTK_MODULES = canberra-gtk-module
# default
MAKE_VERSION := 4.3
# environment
XDG_RUNTIME_DIR = /run/user/1000
# makefile (from 'Makefile', line 2)
CFLAGS = -Wall -Werror
# environment
GTK_OVERLAY_SCROLLING = 0
# environment
QT_PLATFORM_PLUGIN = lxqt
# environment
XDG_SESSION_CLASS = user
# environment
VSCODE_AMD_ENTRYPOINT = vs/workbench/api/node/extensionHostProcess
# environment
HOME = /home/decator
# environment
HG = /usr/bin/hg
# environment
VSCODE_IPC_HOOK = /run/user/1000/vscode-a235b190-1.69.2-main.sock
# environment
ELECTRON_RUN_AS_NODE = 1
# environment
XDG_SESSION_ID = 2
# default
.RECIPEPREFIX := 
# automatic
<F = $(notdir $<)
# default
SUFFIXES := 
# environment
XDG_CACHE_HOME = /home/decator/.cache
# environment
VSCODE_CLI = 1
# environment
ELECTRON_NO_ATTACH_CONSOLE = 1
# default
.FEATURES := target-specific order-only second-expansion else-if shortest-stem undefine oneshell nocomment grouped-target extra-prereqs archives jobserver output-sync check-symlink guile load
# makefile (from 'Makefile', line 1)
CC = gcc
# environment
XDG_MENU_PREFIX = lxqt-
# environment
DOTNET_ROOT = /usr/share/dotnet
# variable set hash-table stats:
# Load=96/1024=9%, Rehash=0, Collisions=5/126=4%

# Pattern-specific Variable Values

# No pattern-specific variable values.

# Directories

# . (device 46, inode 4057340): 9 files, no impossibilities.

# 9 files, no impossibilities in 1 directories.

# Implicit Rules

# No implicit rules.

# Files

# Not a target:
Makefile:
#  Implicit rule search has been done.
#  Last modified 2022-07-26 17:11:38.452291816
#  File has been updated.
#  Successfully updated.

uninstall:
#  Implicit rule search has not been done.
#  Modification time never checked.
#  File has not been updated.
#  recipe to execute (from 'Makefile', line 20):
	rm -rf ${DESTDIR}${PREFIX}/usr/local/bin/jwipe
	rm -rf ${DESTDIR}${PREFIX}/usr/local/share/doc/jwipe

clean:
#  Implicit rule search has not been done.
#  Modification time never checked.
#  File has not been updated.
#  recipe to execute (from 'Makefile', line 24):
	rm -rf build

defualt: build
#  Implicit rule search has not been done.
#  Modification time never checked.
#  File has not been updated.

# Not a target:
.DEFAULT:
#  Implicit rule search has not been done.
#  Modification time never checked.
#  File has not been updated.

# Not a target:
all:
#  Command line target.
#  Implicit rule search has been done.
#  File does not exist.
#  File has not been updated.

run: build
#  Implicit rule search has not been done.
#  Modification time never checked.
#  File has not been updated.
#  recipe to execute (from 'Makefile', line 27):
	./$(EXE)

build: clean
#  Implicit rule search has not been done.
#  Modification time never checked.
#  File has not been updated.
#  recipe to execute (from 'Makefile', line 9):
	mkdir -p build
	$(CC) $(CFLAGS) -o $(EXE) $(CFILES)

install: build
#  Implicit rule search has not been done.
#  Modification time never checked.
#  File has not been updated.
#  recipe to execute (from 'Makefile', line 13):
	mkdir -p ${DESTDIR}${PREFIX}/usr/local/bin/
	mkdir -p ${DESTDIR}${PREFIX}/usr/local/share/doc/jwipe/
	install -Dm755 $(EXE) ${DESTDIR}${PREFIX}/usr/local/bin/jwipe
	install -Dm644 README.md ${DESTDIR}${PREFIX}/usr/local/share/doc/jwipe/README.md
	install -Dm644 LICENSE.md ${DESTDIR}${PREFIX}/usr/local/share/doc/jwipe/LICENSE.md

# files hash-table stats:
# Load=10/1024=1%, Rehash=0, Collisions=0/26=0%
# VPATH Search Paths

# No 'vpath' search paths.

 
# No general ('VPATH' variable) search path.

# strcache buffers: 1 (0) / strings = 19 / storage = 149 B / avg = 7 B
# current buf: size = 8162 B / used = 149 B / count = 19 / avg = 7 B

# strcache performance: lookups = 34 / hit rate = 44%
# hash-table stats:
# Load=19/8192=0%, Rehash=0, Collisions=0/34=0%
# Finished Make data base on Tue Jul 26 17:30:33 2022

 
